2025-02-27 Thursday 10:40:04 INFO: Started at 2025-02-27T05:10:04.928680+00:00
2025-02-27 Thursday 10:41:17 INFO: Total 7705 found
2025-02-27 Thursday 10:41:17 INFO: Ended at 2025-02-27T05:11:17.793901+00:00
2025-02-27 Thursday 10:41:50 INFO: Started at 2025-02-27T05:11:50.921601+00:00
2025-02-27 Thursday 10:43:52 INFO: Started at 2025-02-27T05:13:52.867264+00:00
2025-02-27 Thursday 10:43:54 INFO: Total 1 found
2025-02-27 Thursday 10:43:55 INFO: Publishing restaurant ------------------------------ 66e4d513cf5d3e25868ca6fc
2025-02-27 Thursday 10:44:49 INFO: Published successfully ------------------------------ 66e4d513cf5d3e25868ca6fc
2025-02-27 Thursday 10:44:49 INFO: Ended at 2025-02-27T05:14:49.245092+00:00
2025-02-27 Thursday 10:46:56 INFO: Started at 2025-02-27T05:16:56.767952+00:00
2025-02-27 Thursday 10:46:58 INFO: Total 4 found
2025-02-27 Thursday 10:46:59 INFO: Publishing restaurant ------------------------------ 66e4d513cf5d3e25868ca6fc | 0x80c2d3451671ae57:0xa9685c884afe2bb3
2025-02-27 Thursday 10:47:28 INFO: Published successfully ------------------------------ 66e4d513cf5d3e25868ca6fc
2025-02-27 Thursday 10:47:29 INFO: Publishing restaurant ------------------------------ 66e623d7cf5d3e2586d19b4a | 0x80db7fa3ce2272dd:0x4f5bf5cbf93bf499
2025-02-27 Thursday 10:49:10 INFO: Published successfully ------------------------------ 66e623d7cf5d3e2586d19b4a
2025-02-27 Thursday 10:49:11 INFO: Publishing restaurant ------------------------------ 66e623d2cf5d3e2586d18b07 | 0x80db7fa9fec19299:0x37680ef902807c1e
2025-02-27 Thursday 10:49:53 INFO: Published successfully ------------------------------ 66e623d2cf5d3e2586d18b07
2025-02-27 Thursday 10:49:53 INFO: Publishing restaurant ------------------------------ 66e623d1cf5d3e2586d18747 | 0x80db7faa213be2f9:0x7ccfcd2bca1d0960
2025-02-27 Thursday 10:50:52 INFO: Published successfully ------------------------------ 66e623d1cf5d3e2586d18747
2025-02-27 Thursday 10:50:52 INFO: Ended at 2025-02-27T05:20:52.588602+00:00
2025-02-27 Thursday 10:58:18 INFO: Started at 2025-02-27T05:28:18.279727+00:00
2025-02-27 Thursday 10:58:19 INFO: Total 0 found
2025-02-27 Thursday 10:58:19 INFO: Ended at 2025-02-27T05:28:19.655461+00:00
2025-02-27 Thursday 10:58:50 INFO: Started at 2025-02-27T05:28:50.312916+00:00
2025-02-27 Thursday 10:58:51 INFO: Total 4 found
2025-02-27 Thursday 10:58:52 INFO: Publishing restaurant ------------------------------ 66e4d513cf5d3e25868ca6fc | 0x80c2d3451671ae57:0xa9685c884afe2bb3
2025-02-27 Thursday 10:59:12 INFO: Publishing restaurant ------------------------------ 66e4d513cf5d3e25868ca6fc | 0x80c2d3451671ae57:0xa9685c884afe2bb3
2025-02-27 Thursday 10:59:12 INFO: Publishing restaurant ------------------------------ 66e623d7cf5d3e2586d19b4a | 0x80db7fa3ce2272dd:0x4f5bf5cbf93bf499
2025-02-27 Thursday 10:59:40 INFO: Publishing restaurant ------------------------------ 66e623d7cf5d3e2586d19b4a | 0x80db7fa3ce2272dd:0x4f5bf5cbf93bf499
2025-02-27 Thursday 10:59:40 INFO: Publishing restaurant ------------------------------ 66e623d2cf5d3e2586d18b07 | 0x80db7fa9fec19299:0x37680ef902807c1e
2025-02-27 Thursday 11:00:09 INFO: Publishing restaurant ------------------------------ 66e623d2cf5d3e2586d18b07 | 0x80db7fa9fec19299:0x37680ef902807c1e
2025-02-27 Thursday 11:00:09 INFO: Publishing restaurant ------------------------------ 66e623d1cf5d3e2586d18747 | 0x80db7faa213be2f9:0x7ccfcd2bca1d0960
2025-02-27 Thursday 11:00:29 INFO: Publishing restaurant ------------------------------ 66e623d1cf5d3e2586d18747 | 0x80db7faa213be2f9:0x7ccfcd2bca1d0960
2025-02-27 Thursday 11:00:29 INFO: Ended at 2025-02-27T05:30:29.401291+00:00
2025-02-27 Thursday 11:03:05 INFO: Started at 2025-02-27T05:33:05.417228+00:00
2025-02-27 Thursday 11:03:06 INFO: Total 4 found
2025-02-27 Thursday 11:03:07 INFO: Publishing restaurant ------------------------------ 66e4d513cf5d3e25868ca6fc | 0x80c2d3451671ae57:0xa9685c884afe2bb3
2025-02-27 Thursday 11:03:29 INFO: Published restaurant ------------------------------ 66e4d513cf5d3e25868ca6fc | 0x80c2d3451671ae57:0xa9685c884afe2bb3
2025-02-27 Thursday 11:03:29 INFO: Publishing restaurant ------------------------------ 66e623d7cf5d3e2586d19b4a | 0x80db7fa3ce2272dd:0x4f5bf5cbf93bf499
2025-02-27 Thursday 11:03:52 INFO: Published restaurant ------------------------------ 66e623d7cf5d3e2586d19b4a | 0x80db7fa3ce2272dd:0x4f5bf5cbf93bf499
2025-02-27 Thursday 11:03:53 INFO: Publishing restaurant ------------------------------ 66e623d2cf5d3e2586d18b07 | 0x80db7fa9fec19299:0x37680ef902807c1e
2025-02-27 Thursday 11:04:31 INFO: Published restaurant ------------------------------ 66e623d2cf5d3e2586d18b07 | 0x80db7fa9fec19299:0x37680ef902807c1e
2025-02-27 Thursday 11:04:32 INFO: Publishing restaurant ------------------------------ 66e623d1cf5d3e2586d18747 | 0x80db7faa213be2f9:0x7ccfcd2bca1d0960
2025-02-27 Thursday 11:04:49 INFO: Published restaurant ------------------------------ 66e623d1cf5d3e2586d18747 | 0x80db7faa213be2f9:0x7ccfcd2bca1d0960
2025-02-27 Thursday 11:04:49 INFO: Ended at 2025-02-27T05:34:49.398123+00:00
2025-02-27 Thursday 11:05:20 INFO: Started at 2025-02-27T05:35:20.436000+00:00
2025-02-27 Thursday 11:05:21 INFO: Total 4 found
2025-02-27 Thursday 11:05:22 INFO: Publishing restaurant ------------------------------ 66e623dbcf5d3e2586d1ae35 | 0x80db7fac1de02701:0x28036c4f5c026730
2025-02-27 Thursday 11:06:00 INFO: Published restaurant ------------------------------ 66e623dbcf5d3e2586d1ae35 | 0x80db7fac1de02701:0x28036c4f5c026730
2025-02-27 Thursday 11:06:00 INFO: Publishing restaurant ------------------------------ 66e623cfcf5d3e2586d1827b | 0x80db7fb307e20d2b:0x5cd798805dcdaa64
2025-02-27 Thursday 11:06:46 INFO: Published restaurant ------------------------------ 66e623cfcf5d3e2586d1827b | 0x80db7fb307e20d2b:0x5cd798805dcdaa64
2025-02-27 Thursday 11:06:46 INFO: Publishing restaurant ------------------------------ 66ef5e8fcf5d3e25866c8516 | 0x80900b8a3da31677:0x8b9f40ba7f2e7100
2025-02-27 Thursday 11:07:18 INFO: Published restaurant ------------------------------ 66ef5e8fcf5d3e25866c8516 | 0x80900b8a3da31677:0x8b9f40ba7f2e7100
2025-02-27 Thursday 11:07:19 INFO: Publishing restaurant ------------------------------ 66e623cbcf5d3e2586d17285 | 0x80db7fb51d8953a7:0xc257e7848cab8609
2025-02-27 Thursday 11:07:45 INFO: Published restaurant ------------------------------ 66e623cbcf5d3e2586d17285 | 0x80db7fb51d8953a7:0xc257e7848cab8609
2025-02-27 Thursday 11:07:45 INFO: Ended at 2025-02-27T05:37:45.606432+00:00
2025-02-27 Thursday 11:09:09 INFO: Started at 2025-02-27T05:39:09.722584+00:00
2025-02-27 Thursday 11:09:11 INFO: Total 4 found
2025-02-27 Thursday 11:09:12 INFO: Publishing restaurant ------------------------------ 66e623d1cf5d3e2586d188b0 | 0x80db7fb580c68c11:0xb8080b7ef016d8e2
2025-02-27 Thursday 11:09:47 INFO: Published restaurant ------------------------------ 66e623d1cf5d3e2586d188b0 | 0x80db7fb580c68c11:0xb8080b7ef016d8e2
2025-02-27 Thursday 11:09:48 INFO: Publishing restaurant ------------------------------ 66ef5e86cf5d3e25866c701d | 0x80900c2c5caa686b:0x698aa2eca9227065
2025-02-27 Thursday 11:10:40 INFO: Published restaurant ------------------------------ 66ef5e86cf5d3e25866c701d | 0x80900c2c5caa686b:0x698aa2eca9227065
2025-02-27 Thursday 11:10:40 INFO: Publishing restaurant ------------------------------ 66e623cdcf5d3e2586d17e40 | 0x80db7fb5ead24b71:0xc720ffa171f2f98
2025-02-27 Thursday 11:11:16 INFO: Published restaurant ------------------------------ 66e623cdcf5d3e2586d17e40 | 0x80db7fb5ead24b71:0xc720ffa171f2f98
2025-02-27 Thursday 11:11:16 INFO: Publishing restaurant ------------------------------ 66e623d1cf5d3e2586d18904 | 0x80db7fb61a852d5b:0x50844a4b4e60af57
2025-02-27 Thursday 11:12:25 INFO: Published restaurant ------------------------------ 66e623d1cf5d3e2586d18904 | 0x80db7fb61a852d5b:0x50844a4b4e60af57
2025-02-27 Thursday 11:12:25 INFO: Ended at 2025-02-27T05:42:25.410362+00:00
2025-02-27 Thursday 11:14:40 INFO: Started at 2025-02-27T05:44:40.117814+00:00
2025-02-27 Thursday 11:14:41 INFO: Total 4 found
2025-02-27 Thursday 11:14:42 INFO: Publishing restaurant ------------------------------ 66ef5e8acf5d3e25866c75ec | 0x80900c32ec307c5f:0x338691024c29456b
2025-02-27 Thursday 11:15:17 INFO: Started at 2025-02-27T05:45:17.671855+00:00
2025-02-27 Thursday 11:15:18 INFO: Total 4 found
2025-02-27 Thursday 11:15:19 INFO: Publishing restaurant ------------------------------ 66ef5e8acf5d3e25866c75ec | 0x80900c32ec307c5f:0x338691024c29456b
2025-02-27 Thursday 11:15:54 INFO: Published restaurant ------------------------------ 66ef5e8acf5d3e25866c75ec | 0x80900c32ec307c5f:0x338691024c29456b
2025-02-27 Thursday 11:15:55 INFO: Publishing restaurant ------------------------------ 66ee0d0acf5d3e2586306ccc | 0x54d059fccd33b1ab:0x7b0becffed684fc4
2025-02-27 Thursday 11:16:41 INFO: Published restaurant ------------------------------ 66ee0d0acf5d3e2586306ccc | 0x54d059fccd33b1ab:0x7b0becffed684fc4
2025-02-27 Thursday 11:16:42 INFO: Publishing restaurant ------------------------------ 66ef5e8acf5d3e25866c79c3 | 0x80900c52bb19178b:0x37234b3cda912f63
2025-02-27 Thursday 11:17:06 INFO: Published restaurant ------------------------------ 66ef5e8acf5d3e25866c79c3 | 0x80900c52bb19178b:0x37234b3cda912f63
2025-02-27 Thursday 11:17:06 INFO: Publishing restaurant ------------------------------ 66e623cacf5d3e2586d17019 | 0x80db7fc48b5162c7:0x11271e9a4f0a348b
2025-02-27 Thursday 11:17:46 INFO: Published restaurant ------------------------------ 66e623cacf5d3e2586d17019 | 0x80db7fc48b5162c7:0x11271e9a4f0a348b
2025-02-27 Thursday 11:17:46 INFO: Ended at 2025-02-27T05:47:46.280781+00:00
2025-02-27 Thursday 11:18:16 INFO: Started at 2025-02-27T05:48:16.917422+00:00
2025-02-27 Thursday 11:18:17 INFO: Total 4 found
2025-02-27 Thursday 11:18:18 INFO: Publishing restaurant ------------------------------ 66e623cacf5d3e2586d16ee5 | 0x80db7fc7986d5e7d:0x8bab0cf650cd71e9
2025-02-27 Thursday 11:18:58 INFO: Started at 2025-02-27T05:48:58.760371+00:00
2025-02-27 Thursday 11:18:59 INFO: Total 0 found
2025-02-27 Thursday 11:18:59 INFO: Ended at 2025-02-27T05:48:59.647936+00:00
2025-02-27 Thursday 11:19:17 INFO: Started at 2025-02-27T05:49:17.212546+00:00
2025-02-27 Thursday 11:19:31 INFO: Total 40 found
2025-02-27 Thursday 11:19:32 INFO: Publishing restaurant ------------------------------ 66e623cacf5d3e2586d16ee5 | 0x80db7fc7986d5e7d:0x8bab0cf650cd71e9
2025-02-27 Thursday 12:52:53 INFO: Started at 2025-02-27T07:22:53.937601+00:00
2025-02-27 Thursday 12:52:54 INFO: Total 1 found
2025-02-27 Thursday 12:52:54 INFO: Ended at 2025-02-27T07:22:54.779383+00:00
2025-02-27 Thursday 12:53:21 INFO: Started at 2025-02-27T07:23:21.019721+00:00
2025-02-27 Thursday 12:53:22 INFO: Total 1 found
2025-02-27 Thursday 12:53:22 INFO: Ended at 2025-02-27T07:23:22.045611+00:00
2025-02-27 Thursday 12:54:25 INFO: Started at 2025-02-27T07:24:25.218332+00:00
2025-02-27 Thursday 12:54:26 INFO: Total 1 found
2025-02-27 Thursday 12:54:26 INFO: Ended at 2025-02-27T07:24:26.144858+00:00
2025-02-27 Thursday 12:54:54 INFO: Started at 2025-02-27T07:24:54.674931+00:00
2025-02-27 Thursday 12:54:55 INFO: Total 1 found
2025-02-27 Thursday 12:54:56 INFO: Publishing restaurant ------------------------------ 66e4d513cf5d3e25868ca6fc | 0x80c2d3451671ae57:0xa9685c884afe2bb3
2025-02-27 Thursday 12:55:50 INFO: Published restaurant ------------------------------ 66e4d513cf5d3e25868ca6fc | 0x80c2d3451671ae57:0xa9685c884afe2bb3
2025-02-27 Thursday 12:55:50 INFO: Ended at 2025-02-27T07:25:50.418599+00:00
2025-02-27 Thursday 12:56:14 INFO: Started at 2025-02-27T07:26:14.507217+00:00
2025-02-27 Thursday 12:56:15 INFO: Total 1 found
2025-02-27 Thursday 12:56:17 INFO: Publishing restaurant ------------------------------ 66e4d513cf5d3e25868ca6fc | 0x80c2d3451671ae57:0xa9685c884afe2bb3
2025-02-27 Thursday 12:59:27 ERROR: error in main - California Grill Catering
Traceback (most recent call last):
  File "/Users/manish/publishing-onemenus-15-jan/wordpress/venv/lib/python3.13/site-packages/paramiko/sftp_client.py", line 716, in putfo
    size = self._transfer_with_callback(
        reader=fl, writer=fr, file_size=file_size, callback=callback
    )
  File "/Users/manish/publishing-onemenus-15-jan/wordpress/venv/lib/python3.13/site-packages/paramiko/sftp_client.py", line 679, in _transfer_with_callback
    writer.write(data)
    ~~~~~~~~~~~~^^^^^^
  File "/Users/manish/publishing-onemenus-15-jan/wordpress/venv/lib/python3.13/site-packages/paramiko/file.py", line 389, in write
    self._write_all(data)
    ~~~~~~~~~~~~~~~^^^^^^
  File "/Users/manish/publishing-onemenus-15-jan/wordpress/venv/lib/python3.13/site-packages/paramiko/file.py", line 507, in _write_all
    count = self._write(data)
  File "/Users/manish/publishing-onemenus-15-jan/wordpress/venv/lib/python3.13/site-packages/paramiko/sftp_file.py", line 195, in _write
    sftp_async_request = self.sftp._async_request(
        type(None),
    ...<3 lines>...
        data[:chunk],
    )
  File "/Users/manish/publishing-onemenus-15-jan/wordpress/venv/lib/python3.13/site-packages/paramiko/sftp_client.py", line 881, in _async_request
    self._send_packet(t, msg)
    ~~~~~~~~~~~~~~~~~^^^^^^^^
  File "/Users/manish/publishing-onemenus-15-jan/wordpress/venv/lib/python3.13/site-packages/paramiko/sftp.py", line 209, in _send_packet
    self._write_all(out)
    ~~~~~~~~~~~~~~~^^^^^
  File "/Users/manish/publishing-onemenus-15-jan/wordpress/venv/lib/python3.13/site-packages/paramiko/sftp.py", line 173, in _write_all
    n = self.sock.send(out)
  File "/Users/manish/publishing-onemenus-15-jan/wordpress/venv/lib/python3.13/site-packages/paramiko/channel.py", line 799, in send
    return self._send(s, m)
           ~~~~~~~~~~^^^^^^
  File "/Users/manish/publishing-onemenus-15-jan/wordpress/venv/lib/python3.13/site-packages/paramiko/channel.py", line 1206, in _send
    self.transport._send_user_message(m)
    ~~~~~~~~~~~~~~~~~~~~~~~~~~~~~~~~~^^^
  File "/Users/manish/publishing-onemenus-15-jan/wordpress/venv/lib/python3.13/site-packages/paramiko/transport.py", line 1988, in _send_user_message
    self._send_message(data)
    ~~~~~~~~~~~~~~~~~~^^^^^^
  File "/Users/manish/publishing-onemenus-15-jan/wordpress/venv/lib/python3.13/site-packages/paramiko/transport.py", line 1964, in _send_message
    self.packetizer.send_message(data)
    ~~~~~~~~~~~~~~~~~~~~~~~~~~~~^^^^^^
  File "/Users/manish/publishing-onemenus-15-jan/wordpress/venv/lib/python3.13/site-packages/paramiko/packet.py", line 468, in send_message
    self.write_all(out)
    ~~~~~~~~~~~~~~^^^^^
  File "/Users/manish/publishing-onemenus-15-jan/wordpress/venv/lib/python3.13/site-packages/paramiko/packet.py", line 354, in write_all
    n = self.__socket.send(out)
KeyboardInterrupt

During handling of the above exception, another exception occurred:

Traceback (most recent call last):
  File "/Users/manish/publishing-onemenus-15-jan/wordpress/publish_wordpress.py", line 205, in process_data
    insert_featured_image(
    ~~~~~~~~~~~~~~~~~~~~~^
        cursor, d, post_id, post_title, post_name
        ^^^^^^^^^^^^^^^^^^^^^^^^^^^^^^^^^^^^^^^^^
    )
    ^
  File "/Users/manish/publishing-onemenus-15-jan/wordpress/publish_wordpress.py", line 416, in insert_featured_image
    sftp.put(local_temp_file, remote_file_path)
    ~~~~~~~~^^^^^^^^^^^^^^^^^^^^^^^^^^^^^^^^^^^
  File "/Users/manish/publishing-onemenus-15-jan/wordpress/venv/lib/python3.13/site-packages/paramiko/sftp_client.py", line 759, in put
    return self.putfo(fl, remotepath, file_size, callback, confirm)
           ~~~~~~~~~~^^^^^^^^^^^^^^^^^^^^^^^^^^^^^^^^^^^^^^^^^^^^^^
  File "/Users/manish/publishing-onemenus-15-jan/wordpress/venv/lib/python3.13/site-packages/paramiko/sftp_client.py", line 714, in putfo
    with self.file(remotepath, "wb") as fr:
         ~~~~~~~~~^^^^^^^^^^^^^^^^^^
  File "/Users/manish/publishing-onemenus-15-jan/wordpress/venv/lib/python3.13/site-packages/paramiko/util.py", line 290, in __exit__
    self.close()
    ~~~~~~~~~~^^
  File "/Users/manish/publishing-onemenus-15-jan/wordpress/venv/lib/python3.13/site-packages/paramiko/sftp_file.py", line 82, in close
    self._close(async_=False)
    ~~~~~~~~~~~^^^^^^^^^^^^^^
  File "/Users/manish/publishing-onemenus-15-jan/wordpress/venv/lib/python3.13/site-packages/paramiko/sftp_file.py", line 104, in _close
    self.sftp._request(CMD_CLOSE, self.handle)
    ~~~~~~~~~~~~~~~~~~^^^^^^^^^^^^^^^^^^^^^^^^
  File "/Users/manish/publishing-onemenus-15-jan/wordpress/venv/lib/python3.13/site-packages/paramiko/sftp_client.py", line 856, in _request
    num = self._async_request(type(None), t, *args)
  File "/Users/manish/publishing-onemenus-15-jan/wordpress/venv/lib/python3.13/site-packages/paramiko/sftp_client.py", line 881, in _async_request
    self._send_packet(t, msg)
    ~~~~~~~~~~~~~~~~~^^^^^^^^
  File "/Users/manish/publishing-onemenus-15-jan/wordpress/venv/lib/python3.13/site-packages/paramiko/sftp.py", line 209, in _send_packet
    self._write_all(out)
    ~~~~~~~~~~~~~~~^^^^^
  File "/Users/manish/publishing-onemenus-15-jan/wordpress/venv/lib/python3.13/site-packages/paramiko/sftp.py", line 173, in _write_all
    n = self.sock.send(out)
  File "/Users/manish/publishing-onemenus-15-jan/wordpress/venv/lib/python3.13/site-packages/paramiko/channel.py", line 799, in send
    return self._send(s, m)
           ~~~~~~~~~~^^^^^^
  File "/Users/manish/publishing-onemenus-15-jan/wordpress/venv/lib/python3.13/site-packages/paramiko/channel.py", line 1206, in _send
    self.transport._send_user_message(m)
    ~~~~~~~~~~~~~~~~~~~~~~~~~~~~~~~~~^^^
  File "/Users/manish/publishing-onemenus-15-jan/wordpress/venv/lib/python3.13/site-packages/paramiko/transport.py", line 1988, in _send_user_message
    self._send_message(data)
    ~~~~~~~~~~~~~~~~~~^^^^^^
  File "/Users/manish/publishing-onemenus-15-jan/wordpress/venv/lib/python3.13/site-packages/paramiko/transport.py", line 1964, in _send_message
    self.packetizer.send_message(data)
    ~~~~~~~~~~~~~~~~~~~~~~~~~~~~^^^^^^
  File "/Users/manish/publishing-onemenus-15-jan/wordpress/venv/lib/python3.13/site-packages/paramiko/packet.py", line 468, in send_message
    self.write_all(out)
    ~~~~~~~~~~~~~~^^^^^
  File "/Users/manish/publishing-onemenus-15-jan/wordpress/venv/lib/python3.13/site-packages/paramiko/packet.py", line 354, in write_all
    n = self.__socket.send(out)
KeyboardInterrupt

During handling of the above exception, another exception occurred:

Traceback (most recent call last):
  File "/Users/manish/publishing-onemenus-15-jan/wordpress/publish_wordpress.py", line 209, in process_data
    logger.info(msg=f"Error in featured image: {e}")
                                                ^
UnboundLocalError: cannot access local variable 'e' where it is not associated with a value
2025-02-27 Thursday 12:59:43 INFO: Started at 2025-02-27T07:29:43.106757+00:00
2025-02-27 Thursday 12:59:43 INFO: Total 1 found
2025-02-27 Thursday 12:59:43 INFO: Ended at 2025-02-27T07:29:43.856520+00:00
2025-02-27 Thursday 12:59:58 INFO: Started at 2025-02-27T07:29:58.553587+00:00
2025-02-27 Thursday 12:59:59 INFO: Total 1 found
2025-02-27 Thursday 13:00:00 INFO: Publishing restaurant ------------------------------ 66e4d513cf5d3e25868ca6fc | 0x80c2d3451671ae57:0xa9685c884afe2bb3
2025-02-27 Thursday 13:00:55 ERROR: error in main - California Grill Catering
Traceback (most recent call last):
  File "/Users/manish/publishing-onemenus-15-jan/wordpress/publish_wordpress.py", line 191, in process_data
    cursor.execute(update_sql, (content, post_id))
    ~~~~~~~~~~~~~~^^^^^^^^^^^^^^^^^^^^^^^^^^^^^^^^
  File "/Users/manish/publishing-onemenus-15-jan/wordpress/venv/lib/python3.13/site-packages/pymysql/cursors.py", line 153, in execute
    result = self._query(query)
  File "/Users/manish/publishing-onemenus-15-jan/wordpress/venv/lib/python3.13/site-packages/pymysql/cursors.py", line 322, in _query
    conn.query(q)
    ~~~~~~~~~~^^^
  File "/Users/manish/publishing-onemenus-15-jan/wordpress/venv/lib/python3.13/site-packages/pymysql/connections.py", line 563, in query
    self._affected_rows = self._read_query_result(unbuffered=unbuffered)
                          ~~~~~~~~~~~~~~~~~~~~~~~^^^^^^^^^^^^^^^^^^^^^^^
  File "/Users/manish/publishing-onemenus-15-jan/wordpress/venv/lib/python3.13/site-packages/pymysql/connections.py", line 825, in _read_query_result
    result.read()
    ~~~~~~~~~~~^^
  File "/Users/manish/publishing-onemenus-15-jan/wordpress/venv/lib/python3.13/site-packages/pymysql/connections.py", line 1199, in read
    first_packet = self.connection._read_packet()
  File "/Users/manish/publishing-onemenus-15-jan/wordpress/venv/lib/python3.13/site-packages/pymysql/connections.py", line 775, in _read_packet
    packet.raise_for_error()
    ~~~~~~~~~~~~~~~~~~~~~~^^
  File "/Users/manish/publishing-onemenus-15-jan/wordpress/venv/lib/python3.13/site-packages/pymysql/protocol.py", line 219, in raise_for_error
    err.raise_mysql_exception(self._data)
    ~~~~~~~~~~~~~~~~~~~~~~~~~^^^^^^^^^^^^
  File "/Users/manish/publishing-onemenus-15-jan/wordpress/venv/lib/python3.13/site-packages/pymysql/err.py", line 150, in raise_mysql_exception
    raise errorclass(errno, errval)
pymysql.err.OperationalError: (1205, 'Lock wait timeout exceeded; try restarting transaction')
2025-02-27 Thursday 13:00:55 INFO: Ended at 2025-02-27T07:30:55.685191+00:00
2025-02-27 Thursday 13:01:04 INFO: Started at 2025-02-27T07:31:04.082542+00:00
2025-02-27 Thursday 13:01:05 INFO: Total 1 found
2025-02-27 Thursday 13:01:05 INFO: Publishing restaurant ------------------------------ 66e4d513cf5d3e25868ca6fc | 0x80c2d3451671ae57:0xa9685c884afe2bb3
2025-02-27 Thursday 13:01:59 ERROR: error in main - California Grill Catering
Traceback (most recent call last):
  File "/Users/manish/publishing-onemenus-15-jan/wordpress/publish_wordpress.py", line 191, in process_data
    cursor.execute(update_sql, (content, post_id))
    ~~~~~~~~~~~~~~^^^^^^^^^^^^^^^^^^^^^^^^^^^^^^^^
  File "/Users/manish/publishing-onemenus-15-jan/wordpress/venv/lib/python3.13/site-packages/pymysql/cursors.py", line 153, in execute
    result = self._query(query)
  File "/Users/manish/publishing-onemenus-15-jan/wordpress/venv/lib/python3.13/site-packages/pymysql/cursors.py", line 322, in _query
    conn.query(q)
    ~~~~~~~~~~^^^
  File "/Users/manish/publishing-onemenus-15-jan/wordpress/venv/lib/python3.13/site-packages/pymysql/connections.py", line 563, in query
    self._affected_rows = self._read_query_result(unbuffered=unbuffered)
                          ~~~~~~~~~~~~~~~~~~~~~~~^^^^^^^^^^^^^^^^^^^^^^^
  File "/Users/manish/publishing-onemenus-15-jan/wordpress/venv/lib/python3.13/site-packages/pymysql/connections.py", line 825, in _read_query_result
    result.read()
    ~~~~~~~~~~~^^
  File "/Users/manish/publishing-onemenus-15-jan/wordpress/venv/lib/python3.13/site-packages/pymysql/connections.py", line 1199, in read
    first_packet = self.connection._read_packet()
  File "/Users/manish/publishing-onemenus-15-jan/wordpress/venv/lib/python3.13/site-packages/pymysql/connections.py", line 775, in _read_packet
    packet.raise_for_error()
    ~~~~~~~~~~~~~~~~~~~~~~^^
  File "/Users/manish/publishing-onemenus-15-jan/wordpress/venv/lib/python3.13/site-packages/pymysql/protocol.py", line 219, in raise_for_error
    err.raise_mysql_exception(self._data)
    ~~~~~~~~~~~~~~~~~~~~~~~~~^^^^^^^^^^^^
  File "/Users/manish/publishing-onemenus-15-jan/wordpress/venv/lib/python3.13/site-packages/pymysql/err.py", line 150, in raise_mysql_exception
    raise errorclass(errno, errval)
pymysql.err.OperationalError: (1205, 'Lock wait timeout exceeded; try restarting transaction')
2025-02-27 Thursday 13:01:59 INFO: Ended at 2025-02-27T07:31:59.941569+00:00
2025-02-27 Thursday 13:02:43 INFO: Started at 2025-02-27T07:32:43.791674+00:00
2025-02-27 Thursday 13:02:46 INFO: Total 16 found
2025-02-27 Thursday 13:02:46 INFO: Ended at 2025-02-27T07:32:46.714797+00:00
2025-02-27 Thursday 13:03:00 INFO: Started at 2025-02-27T07:33:00.561752+00:00
2025-02-27 Thursday 13:03:03 INFO: Total 16 found
2025-02-27 Thursday 13:03:04 INFO: Publishing restaurant ------------------------------ 66e4d513cf5d3e25868ca6fc | 0x80c2d3451671ae57:0xa9685c884afe2bb3
2025-02-27 Thursday 13:03:58 ERROR: error in main - California Grill Catering
Traceback (most recent call last):
  File "/Users/manish/publishing-onemenus-15-jan/wordpress/publish_wordpress.py", line 191, in process_data
    cursor.execute(update_sql, (content, post_id))
    ~~~~~~~~~~~~~~^^^^^^^^^^^^^^^^^^^^^^^^^^^^^^^^
  File "/Users/manish/publishing-onemenus-15-jan/wordpress/venv/lib/python3.13/site-packages/pymysql/cursors.py", line 153, in execute
    result = self._query(query)
  File "/Users/manish/publishing-onemenus-15-jan/wordpress/venv/lib/python3.13/site-packages/pymysql/cursors.py", line 322, in _query
    conn.query(q)
    ~~~~~~~~~~^^^
  File "/Users/manish/publishing-onemenus-15-jan/wordpress/venv/lib/python3.13/site-packages/pymysql/connections.py", line 563, in query
    self._affected_rows = self._read_query_result(unbuffered=unbuffered)
                          ~~~~~~~~~~~~~~~~~~~~~~~^^^^^^^^^^^^^^^^^^^^^^^
  File "/Users/manish/publishing-onemenus-15-jan/wordpress/venv/lib/python3.13/site-packages/pymysql/connections.py", line 825, in _read_query_result
    result.read()
    ~~~~~~~~~~~^^
  File "/Users/manish/publishing-onemenus-15-jan/wordpress/venv/lib/python3.13/site-packages/pymysql/connections.py", line 1199, in read
    first_packet = self.connection._read_packet()
  File "/Users/manish/publishing-onemenus-15-jan/wordpress/venv/lib/python3.13/site-packages/pymysql/connections.py", line 775, in _read_packet
    packet.raise_for_error()
    ~~~~~~~~~~~~~~~~~~~~~~^^
  File "/Users/manish/publishing-onemenus-15-jan/wordpress/venv/lib/python3.13/site-packages/pymysql/protocol.py", line 219, in raise_for_error
    err.raise_mysql_exception(self._data)
    ~~~~~~~~~~~~~~~~~~~~~~~~~^^^^^^^^^^^^
  File "/Users/manish/publishing-onemenus-15-jan/wordpress/venv/lib/python3.13/site-packages/pymysql/err.py", line 150, in raise_mysql_exception
    raise errorclass(errno, errval)
pymysql.err.OperationalError: (1205, 'Lock wait timeout exceeded; try restarting transaction')
2025-02-27 Thursday 13:03:59 INFO: Publishing restaurant ------------------------------ 66e623d7cf5d3e2586d19b4a | 0x80db7fa3ce2272dd:0x4f5bf5cbf93bf499
2025-02-27 Thursday 13:04:29 INFO: Published restaurant ------------------------------ 66e623d7cf5d3e2586d19b4a | 0x80db7fa3ce2272dd:0x4f5bf5cbf93bf499
2025-02-27 Thursday 13:04:29 INFO: Publishing restaurant ------------------------------ 66e623d2cf5d3e2586d18b07 | 0x80db7fa9fec19299:0x37680ef902807c1e
2025-02-27 Thursday 13:04:58 INFO: Published restaurant ------------------------------ 66e623d2cf5d3e2586d18b07 | 0x80db7fa9fec19299:0x37680ef902807c1e
2025-02-27 Thursday 13:04:59 INFO: Publishing restaurant ------------------------------ 66e623d1cf5d3e2586d18747 | 0x80db7faa213be2f9:0x7ccfcd2bca1d0960
2025-02-27 Thursday 13:05:19 INFO: Published restaurant ------------------------------ 66e623d1cf5d3e2586d18747 | 0x80db7faa213be2f9:0x7ccfcd2bca1d0960
2025-02-27 Thursday 13:05:19 INFO: Publishing restaurant ------------------------------ 66e623dbcf5d3e2586d1ae35 | 0x80db7fac1de02701:0x28036c4f5c026730
2025-02-27 Thursday 13:05:39 INFO: Published restaurant ------------------------------ 66e623dbcf5d3e2586d1ae35 | 0x80db7fac1de02701:0x28036c4f5c026730
2025-02-27 Thursday 13:05:39 INFO: Publishing restaurant ------------------------------ 66e623cfcf5d3e2586d1827b | 0x80db7fb307e20d2b:0x5cd798805dcdaa64
2025-02-27 Thursday 13:06:16 INFO: Published restaurant ------------------------------ 66e623cfcf5d3e2586d1827b | 0x80db7fb307e20d2b:0x5cd798805dcdaa64
2025-02-27 Thursday 13:06:16 INFO: Publishing restaurant ------------------------------ 66ef5e8fcf5d3e25866c8516 | 0x80900b8a3da31677:0x8b9f40ba7f2e7100
2025-02-27 Thursday 13:06:42 INFO: Published restaurant ------------------------------ 66ef5e8fcf5d3e25866c8516 | 0x80900b8a3da31677:0x8b9f40ba7f2e7100
2025-02-27 Thursday 13:06:43 INFO: Publishing restaurant ------------------------------ 66e623cbcf5d3e2586d17285 | 0x80db7fb51d8953a7:0xc257e7848cab8609
2025-02-27 Thursday 13:07:14 INFO: Published restaurant ------------------------------ 66e623cbcf5d3e2586d17285 | 0x80db7fb51d8953a7:0xc257e7848cab8609
2025-02-27 Thursday 13:07:14 INFO: Publishing restaurant ------------------------------ 66e623d1cf5d3e2586d188b0 | 0x80db7fb580c68c11:0xb8080b7ef016d8e2
2025-02-27 Thursday 13:07:44 INFO: Published restaurant ------------------------------ 66e623d1cf5d3e2586d188b0 | 0x80db7fb580c68c11:0xb8080b7ef016d8e2
2025-02-27 Thursday 13:07:44 INFO: Publishing restaurant ------------------------------ 66ef5e86cf5d3e25866c701d | 0x80900c2c5caa686b:0x698aa2eca9227065
2025-02-27 Thursday 13:08:38 INFO: Published restaurant ------------------------------ 66ef5e86cf5d3e25866c701d | 0x80900c2c5caa686b:0x698aa2eca9227065
2025-02-27 Thursday 13:08:38 INFO: Publishing restaurant ------------------------------ 66e623cdcf5d3e2586d17e40 | 0x80db7fb5ead24b71:0xc720ffa171f2f98
2025-02-27 Thursday 13:09:05 INFO: Published restaurant ------------------------------ 66e623cdcf5d3e2586d17e40 | 0x80db7fb5ead24b71:0xc720ffa171f2f98
2025-02-27 Thursday 13:09:06 INFO: Publishing restaurant ------------------------------ 66e623d1cf5d3e2586d18904 | 0x80db7fb61a852d5b:0x50844a4b4e60af57
2025-02-27 Thursday 13:10:07 INFO: Published restaurant ------------------------------ 66e623d1cf5d3e2586d18904 | 0x80db7fb61a852d5b:0x50844a4b4e60af57
2025-02-27 Thursday 13:10:07 INFO: Publishing restaurant ------------------------------ 66ef5e8acf5d3e25866c75ec | 0x80900c32ec307c5f:0x338691024c29456b
2025-02-27 Thursday 13:10:55 INFO: Published restaurant ------------------------------ 66ef5e8acf5d3e25866c75ec | 0x80900c32ec307c5f:0x338691024c29456b
2025-02-27 Thursday 13:10:55 INFO: Publishing restaurant ------------------------------ 66ee0d0acf5d3e2586306ccc | 0x54d059fccd33b1ab:0x7b0becffed684fc4
2025-02-27 Thursday 13:11:28 INFO: Published restaurant ------------------------------ 66ee0d0acf5d3e2586306ccc | 0x54d059fccd33b1ab:0x7b0becffed684fc4
2025-02-27 Thursday 13:11:28 INFO: Publishing restaurant ------------------------------ 66ef5e8acf5d3e25866c79c3 | 0x80900c52bb19178b:0x37234b3cda912f63
2025-02-27 Thursday 13:11:53 INFO: Published restaurant ------------------------------ 66ef5e8acf5d3e25866c79c3 | 0x80900c52bb19178b:0x37234b3cda912f63
2025-02-27 Thursday 13:11:53 INFO: Publishing restaurant ------------------------------ 66e623cacf5d3e2586d17019 | 0x80db7fc48b5162c7:0x11271e9a4f0a348b
2025-02-27 Thursday 13:12:16 INFO: Published restaurant ------------------------------ 66e623cacf5d3e2586d17019 | 0x80db7fc48b5162c7:0x11271e9a4f0a348b
2025-02-27 Thursday 13:12:16 INFO: Ended at 2025-02-27T07:42:16.751301+00:00
2025-02-27 Thursday 13:14:34 INFO: Started at 2025-02-27T07:44:34.765887+00:00
2025-02-27 Thursday 13:14:35 INFO: Total 1 found
2025-02-27 Thursday 13:14:37 INFO: Publishing restaurant ------------------------------ 66e4d513cf5d3e25868ca6fc | 0x80c2d3451671ae57:0xa9685c884afe2bb3
2025-02-27 Thursday 13:15:38 INFO: Started at 2025-02-27T07:45:38.454558+00:00
2025-02-27 Thursday 13:15:39 INFO: Total 1 found
2025-02-27 Thursday 13:15:40 INFO: Publishing restaurant ------------------------------ 66e4d513cf5d3e25868ca6fc | 0x80c2d3451671ae57:0xa9685c884afe2bb3
2025-02-27 Thursday 13:16:34 ERROR: error in main - California Grill Catering
Traceback (most recent call last):
  File "/Users/manish/publishing-onemenus-15-jan/wordpress/publish_wordpress.py", line 191, in process_data
    cursor.execute(update_sql, (content, post_id))
    ~~~~~~~~~~~~~~^^^^^^^^^^^^^^^^^^^^^^^^^^^^^^^^
  File "/Users/manish/publishing-onemenus-15-jan/wordpress/venv/lib/python3.13/site-packages/pymysql/cursors.py", line 153, in execute
    result = self._query(query)
  File "/Users/manish/publishing-onemenus-15-jan/wordpress/venv/lib/python3.13/site-packages/pymysql/cursors.py", line 322, in _query
    conn.query(q)
    ~~~~~~~~~~^^^
  File "/Users/manish/publishing-onemenus-15-jan/wordpress/venv/lib/python3.13/site-packages/pymysql/connections.py", line 563, in query
    self._affected_rows = self._read_query_result(unbuffered=unbuffered)
                          ~~~~~~~~~~~~~~~~~~~~~~~^^^^^^^^^^^^^^^^^^^^^^^
  File "/Users/manish/publishing-onemenus-15-jan/wordpress/venv/lib/python3.13/site-packages/pymysql/connections.py", line 825, in _read_query_result
    result.read()
    ~~~~~~~~~~~^^
  File "/Users/manish/publishing-onemenus-15-jan/wordpress/venv/lib/python3.13/site-packages/pymysql/connections.py", line 1199, in read
    first_packet = self.connection._read_packet()
  File "/Users/manish/publishing-onemenus-15-jan/wordpress/venv/lib/python3.13/site-packages/pymysql/connections.py", line 775, in _read_packet
    packet.raise_for_error()
    ~~~~~~~~~~~~~~~~~~~~~~^^
  File "/Users/manish/publishing-onemenus-15-jan/wordpress/venv/lib/python3.13/site-packages/pymysql/protocol.py", line 219, in raise_for_error
    err.raise_mysql_exception(self._data)
    ~~~~~~~~~~~~~~~~~~~~~~~~~^^^^^^^^^^^^
  File "/Users/manish/publishing-onemenus-15-jan/wordpress/venv/lib/python3.13/site-packages/pymysql/err.py", line 150, in raise_mysql_exception
    raise errorclass(errno, errval)
pymysql.err.OperationalError: (1205, 'Lock wait timeout exceeded; try restarting transaction')
2025-02-27 Thursday 13:16:35 INFO: Ended at 2025-02-27T07:46:35.093076+00:00
2025-02-27 Thursday 13:23:34 INFO: Started at 2025-02-27T07:53:34.270079+00:00
2025-02-27 Thursday 13:23:36 INFO: Total 1 found
2025-02-27 Thursday 13:23:38 INFO: Publishing restaurant ------------------------------ 66e4d513cf5d3e25868ca6fc | 0x80c2d3451671ae57:0xa9685c884afe2bb3
2025-02-27 Thursday 13:24:32 ERROR: error in main - California Grill Catering
Traceback (most recent call last):
  File "/Users/manish/publishing-onemenus-15-jan/wordpress/publish_wordpress.py", line 191, in process_data
    cursor.execute(update_sql, (content, post_id))
    ~~~~~~~~~~~~~~^^^^^^^^^^^^^^^^^^^^^^^^^^^^^^^^
  File "/Users/manish/publishing-onemenus-15-jan/wordpress/venv/lib/python3.13/site-packages/pymysql/cursors.py", line 153, in execute
    result = self._query(query)
  File "/Users/manish/publishing-onemenus-15-jan/wordpress/venv/lib/python3.13/site-packages/pymysql/cursors.py", line 322, in _query
    conn.query(q)
    ~~~~~~~~~~^^^
  File "/Users/manish/publishing-onemenus-15-jan/wordpress/venv/lib/python3.13/site-packages/pymysql/connections.py", line 563, in query
    self._affected_rows = self._read_query_result(unbuffered=unbuffered)
                          ~~~~~~~~~~~~~~~~~~~~~~~^^^^^^^^^^^^^^^^^^^^^^^
  File "/Users/manish/publishing-onemenus-15-jan/wordpress/venv/lib/python3.13/site-packages/pymysql/connections.py", line 825, in _read_query_result
    result.read()
    ~~~~~~~~~~~^^
  File "/Users/manish/publishing-onemenus-15-jan/wordpress/venv/lib/python3.13/site-packages/pymysql/connections.py", line 1199, in read
    first_packet = self.connection._read_packet()
  File "/Users/manish/publishing-onemenus-15-jan/wordpress/venv/lib/python3.13/site-packages/pymysql/connections.py", line 775, in _read_packet
    packet.raise_for_error()
    ~~~~~~~~~~~~~~~~~~~~~~^^
  File "/Users/manish/publishing-onemenus-15-jan/wordpress/venv/lib/python3.13/site-packages/pymysql/protocol.py", line 219, in raise_for_error
    err.raise_mysql_exception(self._data)
    ~~~~~~~~~~~~~~~~~~~~~~~~~^^^^^^^^^^^^
  File "/Users/manish/publishing-onemenus-15-jan/wordpress/venv/lib/python3.13/site-packages/pymysql/err.py", line 150, in raise_mysql_exception
    raise errorclass(errno, errval)
pymysql.err.OperationalError: (1205, 'Lock wait timeout exceeded; try restarting transaction')
2025-02-27 Thursday 13:24:32 INFO: Ended at 2025-02-27T07:54:32.735113+00:00
2025-02-27 Thursday 14:15:07 INFO: Started at 2025-02-27T08:45:07.372820+00:00
2025-02-27 Thursday 14:15:08 INFO: Total 1 found
2025-02-27 Thursday 14:15:09 INFO: Publishing restaurant ------------------------------ 66e4d513cf5d3e25868ca6fc | 0x80c2d3451671ae57:0xa9685c884afe2bb3
2025-02-27 Thursday 14:16:05 ERROR: error in main - California Grill Catering
Traceback (most recent call last):
  File "/Users/manish/publishing-onemenus-15-jan/wordpress/publish_wordpress.py", line 191, in process_data
    cursor.execute(update_sql, (content, post_id))
    ~~~~~~~~~~~~~~^^^^^^^^^^^^^^^^^^^^^^^^^^^^^^^^
  File "/Users/manish/publishing-onemenus-15-jan/wordpress/venv/lib/python3.13/site-packages/pymysql/cursors.py", line 153, in execute
    result = self._query(query)
  File "/Users/manish/publishing-onemenus-15-jan/wordpress/venv/lib/python3.13/site-packages/pymysql/cursors.py", line 322, in _query
    conn.query(q)
    ~~~~~~~~~~^^^
  File "/Users/manish/publishing-onemenus-15-jan/wordpress/venv/lib/python3.13/site-packages/pymysql/connections.py", line 563, in query
    self._affected_rows = self._read_query_result(unbuffered=unbuffered)
                          ~~~~~~~~~~~~~~~~~~~~~~~^^^^^^^^^^^^^^^^^^^^^^^
  File "/Users/manish/publishing-onemenus-15-jan/wordpress/venv/lib/python3.13/site-packages/pymysql/connections.py", line 825, in _read_query_result
    result.read()
    ~~~~~~~~~~~^^
  File "/Users/manish/publishing-onemenus-15-jan/wordpress/venv/lib/python3.13/site-packages/pymysql/connections.py", line 1199, in read
    first_packet = self.connection._read_packet()
  File "/Users/manish/publishing-onemenus-15-jan/wordpress/venv/lib/python3.13/site-packages/pymysql/connections.py", line 775, in _read_packet
    packet.raise_for_error()
    ~~~~~~~~~~~~~~~~~~~~~~^^
  File "/Users/manish/publishing-onemenus-15-jan/wordpress/venv/lib/python3.13/site-packages/pymysql/protocol.py", line 219, in raise_for_error
    err.raise_mysql_exception(self._data)
    ~~~~~~~~~~~~~~~~~~~~~~~~~^^^^^^^^^^^^
  File "/Users/manish/publishing-onemenus-15-jan/wordpress/venv/lib/python3.13/site-packages/pymysql/err.py", line 150, in raise_mysql_exception
    raise errorclass(errno, errval)
pymysql.err.OperationalError: (1205, 'Lock wait timeout exceeded; try restarting transaction')
2025-02-27 Thursday 14:16:05 INFO: Ended at 2025-02-27T08:46:05.529680+00:00
2025-02-27 Thursday 16:36:51 INFO: Started at 2025-02-27T11:06:51.093499+00:00
2025-02-27 Thursday 16:36:51 INFO: Total 1 found
2025-02-27 Thursday 16:36:52 INFO: Publishing restaurant ------------------------------ 66e4d513cf5d3e25868ca6fc | 0x80c2d3451671ae57:0xa9685c884afe2bb3
